{
  "0 debug pnpm:scope": {
    "selected": 1,
    "workspacePrefix": "/Users/tantaman/workspace/aphrodite"
  },
  "1 error pnpm": {
    "code": "ELIFECYCLE",
    "errno": "ENOENT",
    "syscall": "spawn",
    "file": "sh",
    "pkgid": "@strut/utils@0.0.1",
    "stage": "build",
    "script": "tsc",
    "pkgname": "@strut/utils",
    "err": {
      "name": "pnpm",
      "message": "@strut/utils@0.0.1 build: `tsc`\nspawn ENOENT",
      "code": "ELIFECYCLE",
      "stack": "pnpm: @strut/utils@0.0.1 build: `tsc`\nspawn ENOENT\n    at ChildProcess.<anonymous> (/Users/tantaman/.nvm/versions/node/v17.5.0/pnpm-global/5/node_modules/.pnpm/pnpm@6.32.4/node_modules/pnpm/dist/pnpm.cjs:92290:22)\n    at ChildProcess.emit (node:events:526:28)\n    at maybeClose (node:internal/child_process:1090:16)\n    at Process.ChildProcess._handle.onexit (node:internal/child_process:302:5)"
    }
  },
  "2 warn pnpm:global": " Local package.json exists, but node_modules missing, did you mean to install?"
}